{"/Users/ccy/CIS550_Group15_Movie/server/routes.js": {"path":"/Users/ccy/CIS550_Group15_Movie/server/routes.js","statementMap":{"0":{"start":{"line":1,"column":24},"end":{"line":1,"column":37}},"1":{"start":{"line":2,"column":15},"end":{"line":2,"column":39}},"2":{"start":{"line":5,"column":0},"end":{"line":5,"column":50}},"3":{"start":{"line":5,"column":31},"end":{"line":5,"column":48}},"4":{"start":{"line":9,"column":19},"end":{"line":18,"column":2}},"5":{"start":{"line":19,"column":0},"end":{"line":19,"column":53}},"6":{"start":{"line":19,"column":28},"end":{"line":19,"column":51}},"7":{"start":{"line":28,"column":20},"end":{"line":51,"column":1}},"8":{"start":{"line":29,"column":4},"end":{"line":50,"column":7}},"9":{"start":{"line":44,"column":8},"end":{"line":49,"column":9}},"10":{"start":{"line":45,"column":12},"end":{"line":45,"column":29}},"11":{"start":{"line":46,"column":12},"end":{"line":46,"column":25}},"12":{"start":{"line":48,"column":12},"end":{"line":48,"column":32}},"13":{"start":{"line":54,"column":19},"end":{"line":82,"column":1}},"14":{"start":{"line":55,"column":4},"end":{"line":81,"column":7}},"15":{"start":{"line":75,"column":8},"end":{"line":80,"column":9}},"16":{"start":{"line":76,"column":12},"end":{"line":76,"column":29}},"17":{"start":{"line":77,"column":12},"end":{"line":77,"column":25}},"18":{"start":{"line":79,"column":12},"end":{"line":79,"column":32}},"19":{"start":{"line":85,"column":19},"end":{"line":111,"column":1}},"20":{"start":{"line":86,"column":33},"end":{"line":86,"column":41}},"21":{"start":{"line":89,"column":4},"end":{"line":91,"column":5}},"22":{"start":{"line":90,"column":8},"end":{"line":90,"column":85}},"23":{"start":{"line":94,"column":4},"end":{"line":110,"column":5}},"24":{"start":{"line":95,"column":22},"end":{"line":99,"column":9}},"25":{"start":{"line":100,"column":23},"end":{"line":100,"column":72}},"26":{"start":{"line":102,"column":8},"end":{"line":102,"column":102}},"27":{"start":{"line":104,"column":8},"end":{"line":104,"column":53}},"28":{"start":{"line":105,"column":8},"end":{"line":109,"column":9}},"29":{"start":{"line":106,"column":12},"end":{"line":106,"column":71}},"30":{"start":{"line":108,"column":12},"end":{"line":108,"column":70}},"31":{"start":{"line":115,"column":23},"end":{"line":156,"column":1}},"32":{"start":{"line":116,"column":53},"end":{"line":116,"column":61}},"33":{"start":{"line":119,"column":4},"end":{"line":121,"column":5}},"34":{"start":{"line":120,"column":8},"end":{"line":120,"column":108}},"35":{"start":{"line":123,"column":4},"end":{"line":155,"column":5}},"36":{"start":{"line":125,"column":35},"end":{"line":128,"column":9}},"37":{"start":{"line":129,"column":28},"end":{"line":129,"column":80}},"38":{"start":{"line":132,"column":8},"end":{"line":134,"column":9}},"39":{"start":{"line":133,"column":12},"end":{"line":133,"column":73}},"40":{"start":{"line":137,"column":33},"end":{"line":137,"column":61}},"41":{"start":{"line":138,"column":8},"end":{"line":140,"column":9}},"42":{"start":{"line":139,"column":12},"end":{"line":139,"column":85}},"43":{"start":{"line":143,"column":36},"end":{"line":148,"column":9}},"44":{"start":{"line":149,"column":29},"end":{"line":149,"column":95}},"45":{"start":{"line":151,"column":8},"end":{"line":151,"column":112}},"46":{"start":{"line":153,"column":8},"end":{"line":153,"column":57}},"47":{"start":{"line":154,"column":8},"end":{"line":154,"column":66}},"48":{"start":{"line":160,"column":20},"end":{"line":196,"column":1}},"49":{"start":{"line":161,"column":23},"end":{"line":161,"column":33}},"50":{"start":{"line":164,"column":4},"end":{"line":166,"column":5}},"51":{"start":{"line":165,"column":8},"end":{"line":165,"column":71}},"52":{"start":{"line":168,"column":4},"end":{"line":195,"column":5}},"53":{"start":{"line":169,"column":22},"end":{"line":183,"column":9}},"54":{"start":{"line":185,"column":23},"end":{"line":185,"column":62}},"55":{"start":{"line":187,"column":8},"end":{"line":191,"column":9}},"56":{"start":{"line":188,"column":12},"end":{"line":188,"column":86}},"57":{"start":{"line":190,"column":12},"end":{"line":190,"column":46}},"58":{"start":{"line":193,"column":8},"end":{"line":193,"column":61}},"59":{"start":{"line":194,"column":8},"end":{"line":194,"column":66}},"60":{"start":{"line":199,"column":0},"end":{"line":206,"column":1}}},"fnMap":{"0":{"name":"(anonymous_0)","decl":{"start":{"line":5,"column":24},"end":{"line":5,"column":25}},"loc":{"start":{"line":5,"column":31},"end":{"line":5,"column":48}},"line":5},"1":{"name":"(anonymous_1)","decl":{"start":{"line":19,"column":19},"end":{"line":19,"column":20}},"loc":{"start":{"line":19,"column":28},"end":{"line":19,"column":51}},"line":19},"2":{"name":"(anonymous_2)","decl":{"start":{"line":28,"column":20},"end":{"line":28,"column":21}},"loc":{"start":{"line":28,"column":46},"end":{"line":51,"column":1}},"line":28},"3":{"name":"(anonymous_3)","decl":{"start":{"line":43,"column":11},"end":{"line":43,"column":12}},"loc":{"start":{"line":43,"column":26},"end":{"line":50,"column":5}},"line":43},"4":{"name":"(anonymous_4)","decl":{"start":{"line":54,"column":19},"end":{"line":54,"column":20}},"loc":{"start":{"line":54,"column":45},"end":{"line":82,"column":1}},"line":54},"5":{"name":"(anonymous_5)","decl":{"start":{"line":74,"column":11},"end":{"line":74,"column":12}},"loc":{"start":{"line":74,"column":26},"end":{"line":81,"column":5}},"line":74},"6":{"name":"(anonymous_6)","decl":{"start":{"line":85,"column":19},"end":{"line":85,"column":20}},"loc":{"start":{"line":85,"column":39},"end":{"line":111,"column":1}},"line":85},"7":{"name":"(anonymous_7)","decl":{"start":{"line":115,"column":23},"end":{"line":115,"column":24}},"loc":{"start":{"line":115,"column":43},"end":{"line":156,"column":1}},"line":115},"8":{"name":"(anonymous_8)","decl":{"start":{"line":160,"column":20},"end":{"line":160,"column":21}},"loc":{"start":{"line":160,"column":40},"end":{"line":196,"column":1}},"line":160}},"branchMap":{"0":{"loc":{"start":{"line":19,"column":28},"end":{"line":19,"column":51}},"type":"binary-expr","locations":[{"start":{"line":19,"column":28},"end":{"line":19,"column":31}},{"start":{"line":19,"column":35},"end":{"line":19,"column":51}}],"line":19},"1":{"loc":{"start":{"line":44,"column":8},"end":{"line":49,"column":9}},"type":"if","locations":[{"start":{"line":44,"column":8},"end":{"line":49,"column":9}},{"start":{"line":47,"column":15},"end":{"line":49,"column":9}}],"line":44},"2":{"loc":{"start":{"line":75,"column":8},"end":{"line":80,"column":9}},"type":"if","locations":[{"start":{"line":75,"column":8},"end":{"line":80,"column":9}},{"start":{"line":78,"column":15},"end":{"line":80,"column":9}}],"line":75},"3":{"loc":{"start":{"line":89,"column":4},"end":{"line":91,"column":5}},"type":"if","locations":[{"start":{"line":89,"column":4},"end":{"line":91,"column":5}},{"start":{},"end":{}}],"line":89},"4":{"loc":{"start":{"line":89,"column":8},"end":{"line":89,"column":28}},"type":"binary-expr","locations":[{"start":{"line":89,"column":8},"end":{"line":89,"column":15}},{"start":{"line":89,"column":19},"end":{"line":89,"column":28}}],"line":89},"5":{"loc":{"start":{"line":105,"column":8},"end":{"line":109,"column":9}},"type":"if","locations":[{"start":{"line":105,"column":8},"end":{"line":109,"column":9}},{"start":{"line":107,"column":15},"end":{"line":109,"column":9}}],"line":105},"6":{"loc":{"start":{"line":119,"column":4},"end":{"line":121,"column":5}},"type":"if","locations":[{"start":{"line":119,"column":4},"end":{"line":121,"column":5}},{"start":{},"end":{}}],"line":119},"7":{"loc":{"start":{"line":119,"column":8},"end":{"line":119,"column":51}},"type":"binary-expr","locations":[{"start":{"line":119,"column":8},"end":{"line":119,"column":15}},{"start":{"line":119,"column":19},"end":{"line":119,"column":35}},{"start":{"line":119,"column":39},"end":{"line":119,"column":51}}],"line":119},"8":{"loc":{"start":{"line":132,"column":8},"end":{"line":134,"column":9}},"type":"if","locations":[{"start":{"line":132,"column":8},"end":{"line":134,"column":9}},{"start":{},"end":{}}],"line":132},"9":{"loc":{"start":{"line":138,"column":8},"end":{"line":140,"column":9}},"type":"if","locations":[{"start":{"line":138,"column":8},"end":{"line":140,"column":9}},{"start":{},"end":{}}],"line":138},"10":{"loc":{"start":{"line":164,"column":4},"end":{"line":166,"column":5}},"type":"if","locations":[{"start":{"line":164,"column":4},"end":{"line":166,"column":5}},{"start":{},"end":{}}],"line":164},"11":{"loc":{"start":{"line":187,"column":8},"end":{"line":191,"column":9}},"type":"if","locations":[{"start":{"line":187,"column":8},"end":{"line":191,"column":9}},{"start":{"line":189,"column":15},"end":{"line":191,"column":9}}],"line":187}},"s":{"0":1,"1":1,"2":1,"3":10,"4":1,"5":1,"6":1,"7":1,"8":0,"9":0,"10":0,"11":0,"12":0,"13":1,"14":1,"15":1,"16":0,"17":0,"18":1,"19":1,"20":0,"21":0,"22":0,"23":0,"24":0,"25":0,"26":0,"27":0,"28":0,"29":0,"30":0,"31":1,"32":0,"33":0,"34":0,"35":0,"36":0,"37":0,"38":0,"39":0,"40":0,"41":0,"42":0,"43":0,"44":0,"45":0,"46":0,"47":0,"48":1,"49":0,"50":0,"51":0,"52":0,"53":0,"54":0,"55":0,"56":0,"57":0,"58":0,"59":0,"60":1},"f":{"0":10,"1":1,"2":0,"3":0,"4":1,"5":1,"6":0,"7":0,"8":0},"b":{"0":[1,0],"1":[0,0],"2":[0,1],"3":[0,0],"4":[0,0],"5":[0,0],"6":[0,0],"7":[0,0,0],"8":[0,0],"9":[0,0],"10":[0,0],"11":[0,0]},"_coverageSchema":"1a1c01bbd47fc00a2c39e90264f33305004495a9","hash":"5ec2d79e06db5c40d407d1bb5b44ed03d9a832fa"}
,"/Users/ccy/CIS550_Group15_Movie/server/server.js": {"path":"/Users/ccy/CIS550_Group15_Movie/server/server.js","statementMap":{"0":{"start":{"line":1,"column":16},"end":{"line":1,"column":34}},"1":{"start":{"line":2,"column":13},"end":{"line":2,"column":28}},"2":{"start":{"line":3,"column":15},"end":{"line":3,"column":34}},"3":{"start":{"line":4,"column":15},"end":{"line":4,"column":34}},"4":{"start":{"line":6,"column":12},"end":{"line":6,"column":21}},"5":{"start":{"line":7,"column":0},"end":{"line":9,"column":4}},"6":{"start":{"line":15,"column":0},"end":{"line":15,"column":44}},"7":{"start":{"line":18,"column":0},"end":{"line":18,"column":51}},"8":{"start":{"line":21,"column":0},"end":{"line":21,"column":41}},"9":{"start":{"line":24,"column":0},"end":{"line":24,"column":49}},"10":{"start":{"line":27,"column":0},"end":{"line":27,"column":51}},"11":{"start":{"line":51,"column":0},"end":{"line":53,"column":3}},"12":{"start":{"line":52,"column":4},"end":{"line":52,"column":88}},"13":{"start":{"line":55,"column":0},"end":{"line":55,"column":21}}},"fnMap":{"0":{"name":"(anonymous_0)","decl":{"start":{"line":51,"column":31},"end":{"line":51,"column":32}},"loc":{"start":{"line":51,"column":37},"end":{"line":53,"column":1}},"line":51}},"branchMap":{},"s":{"0":1,"1":1,"2":1,"3":1,"4":1,"5":1,"6":1,"7":1,"8":1,"9":1,"10":1,"11":1,"12":1,"13":1},"f":{"0":1},"b":{},"_coverageSchema":"1a1c01bbd47fc00a2c39e90264f33305004495a9","hash":"c11fcb6b8437fafe6c4494fc031248aded4040fd"}
}
