TN:
SF:routes.js
FN:5,(anonymous_0)
FN:19,(anonymous_1)
FN:28,(anonymous_2)
FN:43,(anonymous_3)
FN:54,(anonymous_4)
FN:74,(anonymous_5)
FN:85,(anonymous_6)
FN:115,(anonymous_7)
FN:160,(anonymous_8)
FNF:9
FNH:4
FNDA:10,(anonymous_0)
FNDA:1,(anonymous_1)
FNDA:0,(anonymous_2)
FNDA:0,(anonymous_3)
FNDA:1,(anonymous_4)
FNDA:1,(anonymous_5)
FNDA:0,(anonymous_6)
FNDA:0,(anonymous_7)
FNDA:0,(anonymous_8)
DA:1,1
DA:2,1
DA:5,10
DA:9,1
DA:19,1
DA:28,1
DA:29,0
DA:44,0
DA:45,0
DA:46,0
DA:48,0
DA:54,1
DA:55,1
DA:75,1
DA:76,0
DA:77,0
DA:79,1
DA:85,1
DA:86,0
DA:89,0
DA:90,0
DA:94,0
DA:95,0
DA:100,0
DA:102,0
DA:104,0
DA:105,0
DA:106,0
DA:108,0
DA:115,1
DA:116,0
DA:119,0
DA:120,0
DA:123,0
DA:125,0
DA:129,0
DA:132,0
DA:133,0
DA:137,0
DA:138,0
DA:139,0
DA:143,0
DA:149,0
DA:151,0
DA:153,0
DA:154,0
DA:160,1
DA:161,0
DA:164,0
DA:165,0
DA:168,0
DA:169,0
DA:185,0
DA:187,0
DA:188,0
DA:190,0
DA:193,0
DA:194,0
DA:199,1
LF:59
LH:14
BRDA:19,0,0,1
BRDA:19,0,1,0
BRDA:44,1,0,0
BRDA:44,1,1,0
BRDA:75,2,0,0
BRDA:75,2,1,1
BRDA:89,3,0,0
BRDA:89,3,1,0
BRDA:89,4,0,0
BRDA:89,4,1,0
BRDA:105,5,0,0
BRDA:105,5,1,0
BRDA:119,6,0,0
BRDA:119,6,1,0
BRDA:119,7,0,0
BRDA:119,7,1,0
BRDA:119,7,2,0
BRDA:132,8,0,0
BRDA:132,8,1,0
BRDA:138,9,0,0
BRDA:138,9,1,0
BRDA:164,10,0,0
BRDA:164,10,1,0
BRDA:187,11,0,0
BRDA:187,11,1,0
BRF:25
BRH:2
end_of_record
TN:
SF:server.js
FN:51,(anonymous_0)
FNF:1
FNH:1
FNDA:1,(anonymous_0)
DA:1,1
DA:2,1
DA:3,1
DA:4,1
DA:6,1
DA:7,1
DA:15,1
DA:18,1
DA:21,1
DA:24,1
DA:27,1
DA:51,1
DA:52,1
DA:55,1
LF:14
LH:14
BRF:0
BRH:0
end_of_record
